<?xml version='1.0' encoding='UTF-8'?>
<testsuite hostname="DESKTOP-NIIMMUB" name="recfun.MainTest" tests="44" errors="0" failures="0" skipped="0" time="0.151" timestamp="2026-03-05T10:41:27">
          <properties>
[...]
</properties>
          <testcase classname="recfun.MainTest" name="Test 1.1: pascal - top of triangle (0,0)" time="0.041">
                      
                    </testcase><testcase classname="recfun.MainTest" name="Test 1.2: pascal - left edge (0, r)" time="0.003">
                      
                    </testcase><testcase classname="recfun.MainTest" name="Test 1.3: pascal - right edge (r, r)" time="0.001">
                      
                    </testcase><testcase classname="recfun.MainTest" name="Test 1.4: pascal - middle elements" time="0.005">
                      
                    </testcase><testcase classname="recfun.MainTest" name="Test 1.5: pascal - row 5" time="0.003">
                      
                    </testcase><testcase classname="recfun.MainTest" name="Test 1.6: pascal - negative column" time="0.0">
                      
                    </testcase><testcase classname="recfun.MainTest" name="Test 1.7: pascal - negative row" time="0.001">
                      
                    </testcase><testcase classname="recfun.MainTest" name="Test 1.8: pascal - column greater than row" time="0.001">
                      
                    </testcase><testcase classname="recfun.MainTest" name="Test 1.9: pascal - large values" time="0.001">
                      
                    </testcase><testcase classname="recfun.MainTest" name="Test 2.1: balance - empty string" time="0.003">
                      
                    </testcase><testcase classname="recfun.MainTest" name="Test 2.2: balance - no parentheses" time="0.004">
                      
                    </testcase><testcase classname="recfun.MainTest" name="Test 2.3: balance - simple balanced ()" time="0.001">
                      
                    </testcase><testcase classname="recfun.MainTest" name="Test 2.4: balance - nested balanced (())" time="0.0">
                      
                    </testcase><testcase classname="recfun.MainTest" name="Test 2.5: balance - multiple balanced ()()" time="0.001">
                      
                    </testcase><testcase classname="recfun.MainTest" name="Test 2.6: balance - complex balanced expression" time="0.0">
                      
                    </testcase><testcase classname="recfun.MainTest" name="Test 2.7: balance - balanced with text" time="0.001">
                      
                    </testcase><testcase classname="recfun.MainTest" name="Test 2.8: balance - unbalanced :-)" time="0.0">
                      
                    </testcase><testcase classname="recfun.MainTest" name="Test 2.9: balance - unbalanced ())(" time="0.0">
                      
                    </testcase><testcase classname="recfun.MainTest" name="Test 2.10: balance - unbalanced open" time="0.0">
                      
                    </testcase><testcase classname="recfun.MainTest" name="Test 2.11: balance - unbalanced close" time="0.0">
                      
                    </testcase><testcase classname="recfun.MainTest" name="Test 2.12: balance - wrong order )(" time="0.0">
                      
                    </testcase><testcase classname="recfun.MainTest" name="Test 2.13: balance - unbalanced more opens" time="0.0">
                      
                    </testcase><testcase classname="recfun.MainTest" name="Test 2.14: balance - unbalanced more closes" time="0.0">
                      
                    </testcase><testcase classname="recfun.MainTest" name="Test 2.15: balance - deeply nested" time="0.0">
                      
                    </testcase><testcase classname="recfun.MainTest" name="Test 3.1: countChange - zero money" time="0.0">
                      
                    </testcase><testcase classname="recfun.MainTest" name="Test 3.2: countChange - empty coins" time="0.001">
                      
                    </testcase><testcase classname="recfun.MainTest" name="Test 3.3: countChange - negative money" time="0.0">
                      
                    </testcase><testcase classname="recfun.MainTest" name="Test 3.4: countChange - simple case 4 with coins 1,2" time="0.0">
                      
                    </testcase><testcase classname="recfun.MainTest" name="Test 3.5: countChange - 5 with coins 2,3" time="0.0">
                      
                    </testcase><testcase classname="recfun.MainTest" name="Test 3.6: countChange - 10 with coins 1,5,10" time="0.002">
                      
                    </testcase><testcase classname="recfun.MainTest" name="Test 3.7: countChange - 1 with coin 1" time="0.0">
                      
                    </testcase><testcase classname="recfun.MainTest" name="Test 3.8: countChange - impossible (no valid coins)" time="0.0">
                      
                    </testcase><testcase classname="recfun.MainTest" name="Test 3.9: countChange - single coin exact" time="0.0">
                      
                    </testcase><testcase classname="recfun.MainTest" name="Test 3.10: countChange - 6 with coins 1,2,3" time="0.001">
                      
                    </testcase><testcase classname="recfun.MainTest" name="Test 3.11: countChange - larger amount" time="0.002">
                      
                    </testcase><testcase classname="recfun.MainTest" name="Test 4.1: nQueens - size 0 returns None" time="0.0">
                      
                    </testcase><testcase classname="recfun.MainTest" name="Test 4.2: nQueens - size negative returns None" time="0.001">
                      
                    </testcase><testcase classname="recfun.MainTest" name="Test 4.3: nQueens - size 1 has solution" time="0.009">
                      
                    </testcase><testcase classname="recfun.MainTest" name="Test 4.4: nQueens - size 2 has no solution" time="0.002">
                      
                    </testcase><testcase classname="recfun.MainTest" name="Test 4.5: nQueens - size 3 has no solution" time="0.004">
                      
                    </testcase><testcase classname="recfun.MainTest" name="Test 4.6: nQueens - size 4 has solution" time="0.003">
                      
                    </testcase><testcase classname="recfun.MainTest" name="Test 4.7: nQueens - size 5 has solution" time="0.026">
                      
                    </testcase><testcase classname="recfun.MainTest" name="Test 4.8: nQueens - size 6 has solution" time="0.006">
                      
                    </testcase><testcase classname="recfun.MainTest" name="Test 4.9: nQueens - size 8 has solution" time="0.028">
                      
                    </testcase>
          <system-out><![CDATA[]]></system-out>
          <system-err><![CDATA[]]></system-err>
        </testsuite>