<?xml version="1.0" encoding="UTF-8"?>
<testsuite name="WordFrequencyCounterTest" tests="26" skipped="1" failures="0" errors="0" timestamp="2026-03-05T08:32:10.976Z" hostname="DESKTOP-NIIMMUB" time="58.098">
  <properties/>
  <testcase name="Test 1.1: Empty file returns empty map" classname="WordFrequencyCounterTest" time="0.062"/>
  <testcase name="Test 1.2: Single word once" classname="WordFrequencyCounterTest" time="0.014"/>
  <testcase name="Test 1.3: Single word multiple times" classname="WordFrequencyCounterTest" time="0.01"/>
  <testcase name="Test 1.4: Multiple different words" classname="WordFrequencyCounterTest" time="0.011"/>
  <testcase name="Test 1.5: Mixed frequencies" classname="WordFrequencyCounterTest" time="0.009"/>
  <testcase name="Test 2.1: Case insensitivity" classname="WordFrequencyCounterTest" time="0.007"/>
  <testcase name="Test 2.2: Multiple spaces between words" classname="WordFrequencyCounterTest" time="0.006"/>
  <testcase name="Test 2.3: Tabs and newlines as separators" classname="WordFrequencyCounterTest" time="0.005"/>
  <testcase name="Test 2.4: Leading and trailing whitespace" classname="WordFrequencyCounterTest" time="0.006"/>
  <testcase name="Test 2.5: Words with numbers and symbols" classname="WordFrequencyCounterTest" time="0.006"/>
  <testcase name="Test 2.6: File with only whitespace" classname="WordFrequencyCounterTest" time="0.005"/>
  <testcase name="Test 3.1: Cyrillic text (Russian)" classname="WordFrequencyCounterTest" time="0.005"/>
  <testcase name="Test 3.2: Mixed languages" classname="WordFrequencyCounterTest" time="0.006"/>
  <testcase name="Test 3.3: Chinese characters" classname="WordFrequencyCounterTest" time="0.005"/>
  <testcase name="Test 3.4: Accented characters" classname="WordFrequencyCounterTest" time="0.006"/>
  <testcase name="Test 4.1: Small file (&lt; 1 MB)" classname="WordFrequencyCounterTest" time="0.058"/>
  <testcase name="Test 4.2: Medium file (~10 MB)" classname="WordFrequencyCounterTest" time="0.368"/>
  <testcase name="Test 4.3: Large file (&gt; 500 MB) -  STREAMING TEST" classname="WordFrequencyCounterTest" time="14.71"/>
  <testcase name="Test 4.4: Very large file (&gt; 1 GB)" classname="WordFrequencyCounterTest" time="42.115"/>
  <testcase name="Test 5.1: Very long line (no newlines)" classname="WordFrequencyCounterTest" time="0.289"/>
  <testcase name="Test 5.2: Very long word (continuous characters)" classname="WordFrequencyCounterTest" time="0.001">
    <skipped/>
  </testcase>
  <testcase name="Test 5.3: Many unique words" classname="WordFrequencyCounterTest" time="0.095"/>
  <testcase name="Test 5.4: Few words, high frequency" classname="WordFrequencyCounterTest" time="0.238"/>
  <testcase name="Test 6.1: Non-existent file" classname="WordFrequencyCounterTest" time="0.011"/>
  <testcase name="Test 6.2: Null path" classname="WordFrequencyCounterTest" time="0.004"/>
  <testcase name="Test 6.3: Directory instead of file" classname="WordFrequencyCounterTest" time="0.005"/>
  <system-out><![CDATA[Warning: File is empty - C:\Users\pc\AppData\Local\Temp\junit8700808597324891275\empty.txt
Loading entire file into memory...
File is empty or contains no readable content.
Loading entire file into memory...
Successfully processed file.
Loading entire file into memory...
Successfully processed file.
Loading entire file into memory...
Successfully processed file.
Loading entire file into memory...
Successfully processed file.
Loading entire file into memory...
Successfully processed file.
Loading entire file into memory...
Successfully processed file.
Loading entire file into memory...
Successfully processed file.
Loading entire file into memory...
Successfully processed file.
Loading entire file into memory...
Successfully processed file.
Loading entire file into memory...
Successfully processed file.
Loading entire file into memory...
Successfully processed file.
Loading entire file into memory...
Successfully processed file.
Loading entire file into memory...
Successfully processed file.
Loading entire file into memory...
Successfully processed file.
Loading entire file into memory...
Successfully processed file.
Loading entire file into memory...
Successfully processed file.
Starting large file test (> 500 MB)...
Creating 600 MB file with 9118 chunks...
............................................................................................
File created: 599 MB
Large file created, starting processing...
File is large (599 MB). Using streaming method...
Streaming file processing (chunk by chunk)...
Processed 100 MB...
Processed 200 MB...
Processed 300 MB...
Processed 400 MB...
Processed 500 MB...
Successfully processed 599 MB.
Processing completed. Memory used: ~102 MB
  TEST PASSED: Large file processed without OutOfMemoryError
Starting very large file test (> 1 GB)...
Creating 1500 MB file with 22795 chunks...
....................................................................................................................................................................................................................................
File created: 1499 MB
File is large (1499 MB). Using streaming method...
Streaming file processing (chunk by chunk)...
Processed 100 MB...
Processed 200 MB...
Processed 300 MB...
Processed 400 MB...
Processed 500 MB...
Processed 600 MB...
Processed 700 MB...
Processed 800 MB...
Processed 900 MB...
Processed 1000 MB...
Processed 1100 MB...
Processed 1200 MB...
Processed 1300 MB...
Processed 1400 MB...
Successfully processed 1499 MB.
 Very large file test passed
Loading entire file into memory...
Successfully processed file.
Loading entire file into memory...
Successfully processed file.
Loading entire file into memory...
Successfully processed file.
]]></system-out>
  <system-err><![CDATA[Error: File does not exist - C:\Users\pc\AppData\Local\Temp\junit15813354345831109566\nonexistent.txt
Error: File path cannot be null
Error: Path is not a regular file - C:\Users\pc\AppData\Local\Temp\junit9752970020932526861\testdir
]]></system-err>
</testsuite>
