# JRE version: OpenJDK Runtime Environment Temurin-23.0.2+7 (23.0.2+7) (build 23.0.2+7)
# Java VM: OpenJDK 64-Bit Server VM Temurin-23.0.2+7 (23.0.2+7, mixed mode, sharing, tiered, compressed oops, compressed class ptrs, g1 gc, windows-amd64)
GC Precious Log:
 CardTable entry size: 512
 Card Set container configuration: InlinePtr #cards 5 size 8 Array Of Cards #cards 10 size 36 Howl #buckets 4 coarsen threshold 1843 Howl Bitmap #cards 512 size 80 coarsen threshold 460 Card regions per heap region 1 cards per card region 2048
 CPUs: 4 total, 4 available
 Memory: 7541M
 Large Page Support: Disabled
 NUMA Support: Disabled
 Compressed Oops: Enabled (32-bit)
 Heap Region Size: 1M
 Heap Min Capacity: 8M
 Heap Initial Capacity: 118M
 Heap Max Capacity: 1886M
 Pre-touch: Disabled
 Parallel Workers: 4
 Concurrent Workers: 1
 Concurrent Refinement Workers: 4
 Periodic GC: Disabled
Heap:
 garbage-first heap   total reserved 1931264K, committed 120832K, used 65536K [0x000000008a200000, 0x0000000100000000)
  region size 1024K, 4 young (4096K), 4 survivors (4096K)
 Metaspace       used 2911K, committed 3136K, reserved 1114112K
  class space    used 284K, committed 384K, reserved 1048576K
GC Heap History (9 events):
Event: 0.483 GC heap before
{Heap before GC invocations=0 (full 0):
 garbage-first heap   total reserved 1931264K, committed 120832K, used 13312K [0x000000008a200000, 0x0000000100000000)
  region size 1024K, 14 young (14336K), 0 survivors (0K)
 Metaspace       used 2798K, committed 3008K, reserved 1114112K
  class space    used 276K, committed 384K, reserved 1048576K
}
Event: 0.492 GC heap after
{Heap after GC invocations=1 (full 0):
 garbage-first heap   total reserved 1931264K, committed 120832K, used 7168K [0x000000008a200000, 0x0000000100000000)
  region size 1024K, 2 young (2048K), 2 survivors (2048K)
 Metaspace       used 2798K, committed 3008K, reserved 1114112K
  class space    used 276K, committed 384K, reserved 1048576K
}
Event: 0.539 GC heap before
{Heap before GC invocations=1 (full 0):
 garbage-first heap   total reserved 1931264K, committed 120832K, used 18432K [0x000000008a200000, 0x0000000100000000)
  region size 1024K, 13 young (13312K), 2 survivors (2048K)
 Metaspace       used 2800K, committed 3008K, reserved 1114112K
  class space    used 276K, committed 384K, reserved 1048576K
}
Event: 0.551 GC heap after
{Heap after GC invocations=2 (full 0):
 garbage-first heap   total reserved 1931264K, committed 120832K, used 14336K [0x000000008a200000, 0x0000000100000000)
  region size 1024K, 2 young (2048K), 2 survivors (2048K)
 Metaspace       used 2800K, committed 3008K, reserved 1114112K
  class space    used 276K, committed 384K, reserved 1048576K
}
Event: 0.632 GC heap before
{Heap before GC invocations=2 (full 0):
 garbage-first heap   total reserved 1931264K, committed 120832K, used 38912K [0x000000008a200000, 0x0000000100000000)
  region size 1024K, 20 young (20480K), 2 survivors (2048K)
 Metaspace       used 2899K, committed 3136K, reserved 1114112K
  class space    used 284K, committed 384K, reserved 1048576K
}
Event: 0.650 GC heap after
{Heap after GC invocations=3 (full 0):
 garbage-first heap   total reserved 1931264K, committed 120832K, used 32768K [0x000000008a200000, 0x0000000100000000)
  region size 1024K, 3 young (3072K), 3 survivors (3072K)
 Metaspace       used 2899K, committed 3136K, reserved 1114112K
  class space    used 284K, committed 384K, reserved 1048576K
}
Event: 0.729 GC heap before
{Heap before GC invocations=3 (full 0):
 garbage-first heap   total reserved 1931264K, committed 120832K, used 56320K [0x000000008a200000, 0x0000000100000000)
  region size 1024K, 25 young (25600K), 3 survivors (3072K)
 Metaspace       used 2911K, committed 3136K, reserved 1114112K
  class space    used 284K, committed 384K, reserved 1048576K
}
Event: 0.747 GC heap after
{Heap after GC invocations=4 (full 0):
 garbage-first heap   total reserved 1931264K, committed 120832K, used 44544K [0x000000008a200000, 0x0000000100000000)
  region size 1024K, 4 young (4096K), 4 survivors (4096K)
 Metaspace       used 2911K, committed 3136K, reserved 1114112K
  class space    used 284K, committed 384K, reserved 1048576K
}
Event: 0.812 GC heap before
{Heap before GC invocations=4 (full 0):
 garbage-first heap   total reserved 1931264K, committed 120832K, used 75264K [0x000000008a200000, 0x0000000100000000)
  region size 1024K, 30 young (30720K), 4 survivors (4096K)
 Metaspace       used 2911K, committed 3136K, reserved 1114112K
  class space    used 284K, committed 384K, reserved 1048576K
}

