# JRE version: OpenJDK Runtime Environment Temurin-21.0.9+10 (21.0.9+10) (build 21.0.9+10-LTS)
# Java VM: OpenJDK 64-Bit Server VM Temurin-21.0.9+10 (21.0.9+10-LTS, mixed mode, sharing, tiered, compressed oops, compressed class ptrs, parallel gc, windows-amd64)
GC Precious Log:
 CardTable entry size: 512
 CPUs: 4 total, 4 available
 Memory: 7541M
 Large Page Support: Disabled
 NUMA Support: Disabled
 Compressed Oops: Enabled (32-bit)
 Alignments: Space 512K, Generation 512K, Heap 2M
 Heap Min Capacity: 100M
 Heap Initial Capacity: 100M
 Heap Max Capacity: 2G
 Pre-touch: Disabled
 Parallel Workers: 4
Heap:
 PSYoungGen      total 12800K, used 6344K [0x00000000d5580000, 0x00000000d6d00000, 0x0000000100000000)
  eden space 8192K, 21% used [0x00000000d5580000,0x00000000d573a0e0,0x00000000d5d80000)
  from space 4608K, 99% used [0x00000000d6800000,0x00000000d6c78020,0x00000000d6c80000)
  to   space 512K, 0% used [0x00000000d6c80000,0x00000000d6c80000,0x00000000d6d00000)
 ParOldGen       total 767488K, used 767080K [0x0000000080000000, 0x00000000aed80000, 0x00000000d5580000)
  object space 767488K, 99% used [0x0000000080000000,0x00000000aed1a3f8,0x00000000aed80000)
 Metaspace       used 63954K, committed 65472K, reserved 1114112K
  class space    used 6825K, committed 7488K, reserved 1048576K
GC Heap History (20 events):
Event: 56.744 GC heap before
{Heap before GC invocations=330 (full 4):
 PSYoungGen      total 47104K, used 46906K [0x00000000d5580000, 0x00000000d8d80000, 0x0000000100000000)
  eden space 40960K, 99% used [0x00000000d5580000,0x00000000d7d7e938,0x00000000d7d80000)
  from space 6144K, 96% used [0x00000000d7e80000,0x00000000d8450000,0x00000000d8480000)
  to   space 8192K, 0% used [0x00000000d8580000,0x00000000d8580000,0x00000000d8d80000)
 ParOldGen       total 706560K, used 706252K [0x0000000080000000, 0x00000000ab200000, 0x00000000d5580000)
  object space 706560K, 99% used [0x0000000080000000,0x00000000ab1b31c8,0x00000000ab200000)
 Metaspace       used 60403K, committed 61824K, reserved 1114112K
  class space    used 6429K, committed 7040K, reserved 1048576K
}
Event: 56.754 GC heap after
{Heap after GC invocations=330 (full 4):
 PSYoungGen      total 45056K, used 8192K [0x00000000d5580000, 0x00000000d9480000, 0x0000000100000000)
  eden space 36864K, 0% used [0x00000000d5580000,0x00000000d5580000,0x00000000d7980000)
  from space 8192K, 100% used [0x00000000d8580000,0x00000000d8d80000,0x00000000d8d80000)
  to   space 12288K, 0% used [0x00000000d7980000,0x00000000d7980000,0x00000000d8580000)
 ParOldGen       total 709632K, used 709280K [0x0000000080000000, 0x00000000ab500000, 0x00000000d5580000)
  object space 709632K, 99% used [0x0000000080000000,0x00000000ab4a83d0,0x00000000ab500000)
 Metaspace       used 60403K, committed 61824K, reserved 1114112K
  class space    used 6429K, committed 7040K, reserved 1048576K
}
Event: 56.924 GC heap before
{Heap before GC invocations=331 (full 4):
 PSYoungGen      total 45056K, used 45056K [0x00000000d5580000, 0x00000000d9480000, 0x0000000100000000)
  eden space 36864K, 100% used [0x00000000d5580000,0x00000000d7980000,0x00000000d7980000)
  from space 8192K, 100% used [0x00000000d8580000,0x00000000d8d80000,0x00000000d8d80000)
  to   space 12288K, 0% used [0x00000000d7980000,0x00000000d7980000,0x00000000d8580000)
 ParOldGen       total 709632K, used 709280K [0x0000000080000000, 0x00000000ab500000, 0x00000000d5580000)
  object space 709632K, 99% used [0x0000000080000000,0x00000000ab4a83d0,0x00000000ab500000)
 Metaspace       used 60405K, committed 61824K, reserved 1114112K
  class space    used 6429K, committed 7040K, reserved 1048576K
}
Event: 56.940 GC heap after
{Heap after GC invocations=331 (full 4):
 PSYoungGen      total 47104K, used 10531K [0x00000000d5580000, 0x00000000d8f00000, 0x0000000100000000)
  eden space 36352K, 0% used [0x00000000d5580000,0x00000000d5580000,0x00000000d7900000)
  from space 10752K, 97% used [0x00000000d7980000,0x00000000d83c8f50,0x00000000d8400000)
  to   space 11264K, 0% used [0x00000000d8400000,0x00000000d8400000,0x00000000d8f00000)
 ParOldGen       total 717824K, used 717437K [0x0000000080000000, 0x00000000abd00000, 0x00000000d5580000)
  object space 717824K, 99% used [0x0000000080000000,0x00000000abc9f5d8,0x00000000abd00000)
 Metaspace       used 60405K, committed 61824K, reserved 1114112K
  class space    used 6429K, committed 7040K, reserved 1048576K
}
Event: 57.433 GC heap before
{Heap before GC invocations=332 (full 4):
 PSYoungGen      total 47104K, used 46883K [0x00000000d5580000, 0x00000000d8f00000, 0x0000000100000000)
  eden space 36352K, 100% used [0x00000000d5580000,0x00000000d7900000,0x00000000d7900000)
  from space 10752K, 97% used [0x00000000d7980000,0x00000000d83c8f50,0x00000000d8400000)
  to   space 11264K, 0% used [0x00000000d8400000,0x00000000d8400000,0x00000000d8f00000)
 ParOldGen       total 717824K, used 717437K [0x0000000080000000, 0x00000000abd00000, 0x00000000d5580000)
  object space 717824K, 99% used [0x0000000080000000,0x00000000abc9f5d8,0x00000000abd00000)
 Metaspace       used 60405K, committed 61824K, reserved 1114112K
  class space    used 6429K, committed 7040K, reserved 1048576K
}
Event: 57.467 GC heap after
{Heap after GC invocations=332 (full 4):
 PSYoungGen      total 19456K, used 11238K [0x00000000d5580000, 0x00000000dc580000, 0x0000000100000000)
  eden space 8192K, 0% used [0x00000000d5580000,0x00000000d5580000,0x00000000d5d80000)
  from space 11264K, 99% used [0x00000000d8400000,0x00000000d8ef9b00,0x00000000d8f00000)
  to   space 39424K, 0% used [0x00000000d5d80000,0x00000000d5d80000,0x00000000d8400000)
 ParOldGen       total 741376K, used 741097K [0x0000000080000000, 0x00000000ad400000, 0x00000000d5580000)
  object space 741376K, 99% used [0x0000000080000000,0x00000000ad3ba510,0x00000000ad400000)
 Metaspace       used 60405K, committed 61824K, reserved 1114112K
  class space    used 6429K, committed 7040K, reserved 1048576K
}
Event: 57.611 GC heap before
{Heap before GC invocations=333 (full 4):
 PSYoungGen      total 19456K, used 19430K [0x00000000d5580000, 0x00000000dc580000, 0x0000000100000000)
  eden space 8192K, 100% used [0x00000000d5580000,0x00000000d5d80000,0x00000000d5d80000)
  from space 11264K, 99% used [0x00000000d8400000,0x00000000d8ef9b00,0x00000000d8f00000)
  to   space 39424K, 0% used [0x00000000d5d80000,0x00000000d5d80000,0x00000000d8400000)
 ParOldGen       total 741376K, used 741097K [0x0000000080000000, 0x00000000ad400000, 0x00000000d5580000)
  object space 741376K, 99% used [0x0000000080000000,0x00000000ad3ba510,0x00000000ad400000)
 Metaspace       used 60405K, committed 61824K, reserved 1114112K
  class space    used 6429K, committed 7040K, reserved 1048576K
}
Event: 57.630 GC heap after
{Heap after GC invocations=333 (full 4):
 PSYoungGen      total 16384K, used 8185K [0x00000000d5580000, 0x00000000d8480000, 0x0000000100000000)
  eden space 8192K, 0% used [0x00000000d5580000,0x00000000d5580000,0x00000000d5d80000)
  from space 8192K, 99% used [0x00000000d5d80000,0x00000000d657e638,0x00000000d6580000)
  to   space 17920K, 0% used [0x00000000d7300000,0x00000000d7300000,0x00000000d8480000)
 ParOldGen       total 752128K, used 752005K [0x0000000080000000, 0x00000000ade80000, 0x00000000d5580000)
  object space 752128K, 99% used [0x0000000080000000,0x00000000ade615a8,0x00000000ade80000)
 Metaspace       used 60405K, committed 61824K, reserved 1114112K
  class space    used 6429K, committed 7040K, reserved 1048576K
}
Event: 57.810 GC heap before
{Heap before GC invocations=334 (full 4):
 PSYoungGen      total 16384K, used 16377K [0x00000000d5580000, 0x00000000d8480000, 0x0000000100000000)
  eden space 8192K, 100% used [0x00000000d5580000,0x00000000d5d80000,0x00000000d5d80000)
  from space 8192K, 99% used [0x00000000d5d80000,0x00000000d657e638,0x00000000d6580000)
  to   space 17920K, 0% used [0x00000000d7300000,0x00000000d7300000,0x00000000d8480000)
 ParOldGen       total 752128K, used 752005K [0x0000000080000000, 0x00000000ade80000, 0x00000000d5580000)
  object space 752128K, 99% used [0x0000000080000000,0x00000000ade615a8,0x00000000ade80000)
 Metaspace       used 60405K, committed 61824K, reserved 1114112K
  class space    used 6429K, committed 7040K, reserved 1048576K
}
Event: 57.829 GC heap after
{Heap after GC invocations=334 (full 4):
 PSYoungGen      total 24064K, used 15516K [0x00000000d5580000, 0x00000000d8280000, 0x0000000100000000)
  eden space 8192K, 0% used [0x00000000d5580000,0x00000000d5580000,0x00000000d5d80000)
  from space 15872K, 97% used [0x00000000d7300000,0x00000000d82271e0,0x00000000d8280000)
  to   space 17408K, 0% used [0x00000000d6080000,0x00000000d6080000,0x00000000d7180000)
 ParOldGen       total 752128K, used 752005K [0x0000000080000000, 0x00000000ade80000, 0x00000000d5580000)
  object space 752128K, 99% used [0x0000000080000000,0x00000000ade615a8,0x00000000ade80000)
 Metaspace       used 60405K, committed 61824K, reserved 1114112K
  class space    used 6429K, committed 7040K, reserved 1048576K
}
Event: 58.029 GC heap before
{Heap before GC invocations=335 (full 4):
 PSYoungGen      total 24064K, used 23708K [0x00000000d5580000, 0x00000000d8280000, 0x0000000100000000)
  eden space 8192K, 100% used [0x00000000d5580000,0x00000000d5d80000,0x00000000d5d80000)
  from space 15872K, 97% used [0x00000000d7300000,0x00000000d82271e0,0x00000000d8280000)
  to   space 17408K, 0% used [0x00000000d6080000,0x00000000d6080000,0x00000000d7180000)
 ParOldGen       total 752128K, used 752005K [0x0000000080000000, 0x00000000ade80000, 0x00000000d5580000)
  object space 752128K, 99% used [0x0000000080000000,0x00000000ade615a8,0x00000000ade80000)
 Metaspace       used 60663K, committed 62080K, reserved 1114112K
  class space    used 6455K, committed 7040K, reserved 1048576K
}
Event: 58.047 GC heap after
{Heap after GC invocations=335 (full 4):
 PSYoungGen      total 25600K, used 17380K [0x00000000d5580000, 0x00000000d8280000, 0x0000000100000000)
  eden space 8192K, 0% used [0x00000000d5580000,0x00000000d5580000,0x00000000d5d80000)
  from space 17408K, 99% used [0x00000000d6080000,0x00000000d7179328,0x00000000d7180000)
  to   space 17408K, 0% used [0x00000000d7180000,0x00000000d7180000,0x00000000d8280000)
 ParOldGen       total 752640K, used 752610K [0x0000000080000000, 0x00000000adf00000, 0x00000000d5580000)
  object space 752640K, 99% used [0x0000000080000000,0x00000000adef8a10,0x00000000adf00000)
 Metaspace       used 60663K, committed 62080K, reserved 1114112K
  class space    used 6455K, committed 7040K, reserved 1048576K
}
Event: 58.281 GC heap before
{Heap before GC invocations=336 (full 4):
 PSYoungGen      total 25600K, used 25569K [0x00000000d5580000, 0x00000000d8280000, 0x0000000100000000)
  eden space 8192K, 99% used [0x00000000d5580000,0x00000000d5d7f338,0x00000000d5d80000)
  from space 17408K, 99% used [0x00000000d6080000,0x00000000d7179328,0x00000000d7180000)
  to   space 17408K, 0% used [0x00000000d7180000,0x00000000d7180000,0x00000000d8280000)
 ParOldGen       total 752640K, used 752610K [0x0000000080000000, 0x00000000adf00000, 0x00000000d5580000)
  object space 752640K, 99% used [0x0000000080000000,0x00000000adef8a10,0x00000000adf00000)
 Metaspace       used 61653K, committed 63040K, reserved 1114112K
  class space    used 6567K, committed 7168K, reserved 1048576K
}
Event: 58.296 GC heap after
{Heap after GC invocations=336 (full 4):
 PSYoungGen      total 12288K, used 3584K [0x00000000d5580000, 0x00000000d7580000, 0x0000000100000000)
  eden space 8192K, 0% used [0x00000000d5580000,0x00000000d5580000,0x00000000d5d80000)
  from space 4096K, 87% used [0x00000000d7180000,0x00000000d7500020,0x00000000d7580000)
  to   space 9216K, 0% used [0x00000000d6380000,0x00000000d6380000,0x00000000d6c80000)
 ParOldGen       total 766976K, used 766936K [0x0000000080000000, 0x00000000aed00000, 0x00000000d5580000)
  object space 766976K, 99% used [0x0000000080000000,0x00000000aecf63f8,0x00000000aed00000)
 Metaspace       used 61653K, committed 63040K, reserved 1114112K
  class space    used 6567K, committed 7168K, reserved 1048576K
}
Event: 58.366 GC heap before
{Heap before GC invocations=337 (full 4):
 PSYoungGen      total 12288K, used 11776K [0x00000000d5580000, 0x00000000d7580000, 0x0000000100000000)
  eden space 8192K, 100% used [0x00000000d5580000,0x00000000d5d80000,0x00000000d5d80000)
  from space 4096K, 87% used [0x00000000d7180000,0x00000000d7500020,0x00000000d7580000)
  to   space 9216K, 0% used [0x00000000d6380000,0x00000000d6380000,0x00000000d6c80000)
 ParOldGen       total 766976K, used 766936K [0x0000000080000000, 0x00000000aed00000, 0x00000000d5580000)
  object space 766976K, 99% used [0x0000000080000000,0x00000000aecf63f8,0x00000000aed00000)
 Metaspace       used 62347K, committed 63808K, reserved 1114112K
  class space    used 6647K, committed 7296K, reserved 1048576K
}
Event: 58.373 GC heap after
{Heap after GC invocations=337 (full 4):
 PSYoungGen      total 17408K, used 4618K [0x00000000d5580000, 0x00000000d7200000, 0x0000000100000000)
  eden space 8192K, 0% used [0x00000000d5580000,0x00000000d5580000,0x00000000d5d80000)
  from space 9216K, 50% used [0x00000000d6380000,0x00000000d68028a0,0x00000000d6c80000)
  to   space 5632K, 0% used [0x00000000d6c80000,0x00000000d6c80000,0x00000000d7200000)
 ParOldGen       total 766976K, used 766936K [0x0000000080000000, 0x00000000aed00000, 0x00000000d5580000)
  object space 766976K, 99% used [0x0000000080000000,0x00000000aecf63f8,0x00000000aed00000)
 Metaspace       used 62347K, committed 63808K, reserved 1114112K
  class space    used 6647K, committed 7296K, reserved 1048576K
}
Event: 58.497 GC heap before
{Heap before GC invocations=338 (full 4):
 PSYoungGen      total 17408K, used 12810K [0x00000000d5580000, 0x00000000d7200000, 0x0000000100000000)
  eden space 8192K, 100% used [0x00000000d5580000,0x00000000d5d80000,0x00000000d5d80000)
  from space 9216K, 50% used [0x00000000d6380000,0x00000000d68028a0,0x00000000d6c80000)
  to   space 5632K, 0% used [0x00000000d6c80000,0x00000000d6c80000,0x00000000d7200000)
 ParOldGen       total 766976K, used 766936K [0x0000000080000000, 0x00000000aed00000, 0x00000000d5580000)
  object space 766976K, 99% used [0x0000000080000000,0x00000000aecf63f8,0x00000000aed00000)
 Metaspace       used 62991K, committed 64384K, reserved 1114112K
  class space    used 6701K, committed 7296K, reserved 1048576K
}
Event: 58.503 GC heap after
{Heap after GC invocations=338 (full 4):
 PSYoungGen      total 12800K, used 4384K [0x00000000d5580000, 0x00000000d7100000, 0x0000000100000000)
  eden space 8192K, 0% used [0x00000000d5580000,0x00000000d5580000,0x00000000d5d80000)
  from space 4608K, 95% used [0x00000000d6c80000,0x00000000d70c8020,0x00000000d7100000)
  to   space 4608K, 0% used [0x00000000d6800000,0x00000000d6800000,0x00000000d6c80000)
 ParOldGen       total 766976K, used 766936K [0x0000000080000000, 0x00000000aed00000, 0x00000000d5580000)
  object space 766976K, 99% used [0x0000000080000000,0x00000000aecf63f8,0x00000000aed00000)
 Metaspace       used 62991K, committed 64384K, reserved 1114112K
  class space    used 6701K, committed 7296K, reserved 1048576K
}
Event: 270.999 GC heap before
{Heap before GC invocations=339 (full 4):
 PSYoungGen      total 12800K, used 12571K [0x00000000d5580000, 0x00000000d7100000, 0x0000000100000000)
  eden space 8192K, 99% used [0x00000000d5580000,0x00000000d5d7ee00,0x00000000d5d80000)
  from space 4608K, 95% used [0x00000000d6c80000,0x00000000d70c8020,0x00000000d7100000)
  to   space 4608K, 0% used [0x00000000d6800000,0x00000000d6800000,0x00000000d6c80000)
 ParOldGen       total 766976K, used 766936K [0x0000000080000000, 0x00000000aed00000, 0x00000000d5580000)
  object space 766976K, 99% used [0x0000000080000000,0x00000000aecf63f8,0x00000000aed00000)
 Metaspace       used 63786K, committed 65280K, reserved 1114112K
  class space    used 6806K, committed 7488K, reserved 1048576K
}
Event: 271.003 GC heap after
{Heap after GC invocations=339 (full 4):
 PSYoungGen      total 12800K, used 4576K [0x00000000d5580000, 0x00000000d6d00000, 0x0000000100000000)
  eden space 8192K, 0% used [0x00000000d5580000,0x00000000d5580000,0x00000000d5d80000)
  from space 4608K, 99% used [0x00000000d6800000,0x00000000d6c78020,0x00000000d6c80000)
  to   space 512K, 0% used [0x00000000d6c80000,0x00000000d6c80000,0x00000000d6d00000)
 ParOldGen       total 767488K, used 767080K [0x0000000080000000, 0x00000000aed80000, 0x00000000d5580000)
  object space 767488K, 99% used [0x0000000080000000,0x00000000aed1a3f8,0x00000000aed80000)
 Metaspace       used 63786K, committed 65280K, reserved 1114112K
  class space    used 6806K, committed 7488K, reserved 1048576K
}

