<?xml version='1.0' encoding='UTF-8'?>
<testsuite hostname="DESKTOP-NIIMMUB" name="funsets.FunSetsTest" tests="39" errors="0" failures="0" skipped="0" time="0.099" timestamp="2026-03-05T11:33:01">
          <properties>
[...]
</properties>
          <testcase classname="funsets.FunSetsTest" name="Test 1.1: singletonSet contains its element" time="0.04">
                      
                    </testcase><testcase classname="funsets.FunSetsTest" name="Test 1.2: singletonSet does not contain other elements" time="0.003">
                      
                    </testcase><testcase classname="funsets.FunSetsTest" name="Test 1.3: singletonSet with zero" time="0.005">
                      
                    </testcase><testcase classname="funsets.FunSetsTest" name="Test 1.4: singletonSet with negative" time="0.0">
                      
                    </testcase><testcase classname="funsets.FunSetsTest" name="Test 2.1: union contains elements of both sets" time="0.0">
                      
                    </testcase><testcase classname="funsets.FunSetsTest" name="Test 2.2: union does not contain elements not in either set" time="0.0">
                      
                    </testcase><testcase classname="funsets.FunSetsTest" name="Test 2.3: union of same sets" time="0.0">
                      
                    </testcase><testcase classname="funsets.FunSetsTest" name="Test 2.4: union of multiple sets" time="0.002">
                      
                    </testcase><testcase classname="funsets.FunSetsTest" name="Test 3.1: intersect of disjoint sets is empty" time="0.003">
                      
                    </testcase><testcase classname="funsets.FunSetsTest" name="Test 3.2: intersect of overlapping sets" time="0.0">
                      
                    </testcase><testcase classname="funsets.FunSetsTest" name="Test 3.3: intersect with itself" time="0.002">
                      
                    </testcase><testcase classname="funsets.FunSetsTest" name="Test 3.4: intersect of identical singletons" time="0.0">
                      
                    </testcase><testcase classname="funsets.FunSetsTest" name="Test 4.1: diff removes elements in second set" time="0.002">
                      
                    </testcase><testcase classname="funsets.FunSetsTest" name="Test 4.2: diff of disjoint sets" time="0.0">
                      
                    </testcase><testcase classname="funsets.FunSetsTest" name="Test 4.3: diff with itself is empty" time="0.0">
                      
                    </testcase><testcase classname="funsets.FunSetsTest" name="Test 4.4: diff with empty set" time="0.003">
                      
                    </testcase><testcase classname="funsets.FunSetsTest" name="Test 5.1: filter with always true predicate" time="0.002">
                      
                    </testcase><testcase classname="funsets.FunSetsTest" name="Test 5.2: filter with always false predicate" time="0.0">
                      
                    </testcase><testcase classname="funsets.FunSetsTest" name="Test 5.3: filter even numbers" time="0.0">
                      
                    </testcase><testcase classname="funsets.FunSetsTest" name="Test 5.4: filter positive numbers" time="0.0">
                      
                    </testcase><testcase classname="funsets.FunSetsTest" name="Test 6.1: forall on singleton - true case" time="0.005">
                      
                    </testcase><testcase classname="funsets.FunSetsTest" name="Test 6.2: forall on singleton - false case" time="0.0">
                      
                    </testcase><testcase classname="funsets.FunSetsTest" name="Test 6.3: forall on set with all even numbers" time="0.002">
                      
                    </testcase><testcase classname="funsets.FunSetsTest" name="Test 6.4: forall fails when one element doesn't match" time="0.0">
                      
                    </testcase><testcase classname="funsets.FunSetsTest" name="Test 6.5: forall with positive predicate" time="0.001">
                      
                    </testcase><testcase classname="funsets.FunSetsTest" name="Test 7.1: exists on singleton - true case" time="0.0">
                      
                    </testcase><testcase classname="funsets.FunSetsTest" name="Test 7.2: exists on singleton - false case" time="0.005">
                      
                    </testcase><testcase classname="funsets.FunSetsTest" name="Test 7.3: exists finds even in mixed set" time="0.001">
                      
                    </testcase><testcase classname="funsets.FunSetsTest" name="Test 7.4: exists returns false when no match" time="0.0">
                      
                    </testcase><testcase classname="funsets.FunSetsTest" name="Test 7.5: exists with negative predicate" time="0.003">
                      
                    </testcase><testcase classname="funsets.FunSetsTest" name="Test 8.1: map doubles elements" time="0.004">
                      
                    </testcase><testcase classname="funsets.FunSetsTest" name="Test 8.2: map squares elements" time="0.002">
                      
                    </testcase><testcase classname="funsets.FunSetsTest" name="Test 8.3: map with identity" time="0.002">
                      
                    </testcase><testcase classname="funsets.FunSetsTest" name="Test 8.4: map negates elements" time="0.003">
                      
                    </testcase><testcase classname="funsets.FunSetsTest" name="Test 8.5: map with constant function" time="0.0">
                      
                    </testcase><testcase classname="funsets.FunSetsTest" name="Test 9.1: contains basic test" time="0.0">
                      
                    </testcase><testcase classname="funsets.FunSetsTest" name="Test 9.2: contains returns false for missing element" time="0.0">
                      
                    </testcase><testcase classname="funsets.FunSetsTest" name="Test 10.1: toString of singleton" time="0.009">
                      
                    </testcase><testcase classname="funsets.FunSetsTest" name="Test 10.2: toString of multiple elements" time="0.0">
                      
                    </testcase>
          <system-out><![CDATA[]]></system-out>
          <system-err><![CDATA[]]></system-err>
        </testsuite>