<?xml version="1.0" encoding="UTF-8"?>
<testsuite name="MatrixMultParTest" tests="37" skipped="0" failures="0" errors="0" timestamp="2025-12-28T15:16:51.525Z" hostname="DESKTOP-OIB2LOH" time="2.603">
  <properties/>
  <testcase name="Test 1.1: Basic 2x2 matrix multiplication" classname="MatrixMultParTest" time="0.032"/>
  <testcase name="Test 1.2: Basic 3x3 matrix multiplication" classname="MatrixMultParTest" time="0.002"/>
  <testcase name="Test 1.3: Non-square matrices (2x3 x 3x2)" classname="MatrixMultParTest" time="0.001"/>
  <testcase name="Test 1.4: Non-square matrices (3x2 x 2x4)" classname="MatrixMultParTest" time="0.001"/>
  <testcase name="Test 1.5: Row vector x Column vector (1x4 x 4x1)" classname="MatrixMultParTest" time="0.001"/>
  <testcase name="Test 1.6: Column vector x Row vector (3x1 x 1x3)" classname="MatrixMultParTest" time="0.001"/>
  <testcase name="Test 2.1: Single thread (threadCount=1)" classname="MatrixMultParTest" time="0.011"/>
  <testcase name="Test 2.2: Two threads (threadCount=2)" classname="MatrixMultParTest" time="0.004"/>
  <testcase name="Test 2.3: Four threads (threadCount=4)" classname="MatrixMultParTest" time="0.003"/>
  <testcase name="Test 2.4: Eight threads (threadCount=8)" classname="MatrixMultParTest" time="0.004"/>
  <testcase name="Test 2.5: More threads than rows" classname="MatrixMultParTest" time="0.002"/>
  <testcase name="Test 2.6: Default thread count (system processors)" classname="MatrixMultParTest" time="0.004"/>
  <testcase name="Test 3.1: Identity matrix multiplication" classname="MatrixMultParTest" time="0.001"/>
  <testcase name="Test 3.2: Zero matrix multiplication" classname="MatrixMultParTest" time="0.001"/>
  <testcase name="Test 3.3: Single element matrix (1x1)" classname="MatrixMultParTest" time="0.0"/>
  <testcase name="Test 4.1: Negative numbers" classname="MatrixMultParTest" time="0.001"/>
  <testcase name="Test 4.2: Decimal/floating point numbers" classname="MatrixMultParTest" time="0.0"/>
  <testcase name="Test 4.3: Very large numbers" classname="MatrixMultParTest" time="0.001"/>
  <testcase name="Test 4.4: Very small numbers (near zero)" classname="MatrixMultParTest" time="0.001"/>
  <testcase name="Test 4.5: Mixed positive, negative, large, small" classname="MatrixMultParTest" time="0.001"/>
  <testcase name="Test 5.1: First matrix is null" classname="MatrixMultParTest" time="0.001"/>
  <testcase name="Test 5.2: Second matrix is null" classname="MatrixMultParTest" time="0.0"/>
  <testcase name="Test 5.3: Both matrices are null" classname="MatrixMultParTest" time="0.0"/>
  <testcase name="Test 5.4: First matrix is empty" classname="MatrixMultParTest" time="0.001"/>
  <testcase name="Test 5.5: Second matrix is empty" classname="MatrixMultParTest" time="0.0"/>
  <testcase name="Test 5.6: Incompatible dimensions (2x3 x 2x2)" classname="MatrixMultParTest" time="0.001"/>
  <testcase name="Test 6.1: Parallel result equals single-threaded result (small)" classname="MatrixMultParTest" time="0.006"/>
  <testcase name="Test 6.2: Parallel result equals single-threaded result (medium)" classname="MatrixMultParTest" time="0.009"/>
  <testcase name="Test 6.3: Multiple runs produce same result" classname="MatrixMultParTest" time="0.003"/>
  <testcase name="Test 7.1: Square matrix 5x5" classname="MatrixMultParTest" time="0.001"/>
  <testcase name="Test 7.2: Tall matrix (10x3 x 3x5)" classname="MatrixMultParTest" time="0.0"/>
  <testcase name="Test 7.3: Wide matrix (3x10 x 10x5)" classname="MatrixMultParTest" time="0.0"/>
  <testcase name="Test 7.4: Extreme aspect ratio (1x100 x 100x1)" classname="MatrixMultParTest" time="0.0"/>
  <testcase name="Test 8.1: Medium matrix 100x100" classname="MatrixMultParTest" time="0.027"/>
  <testcase name="Test 8.2: Large matrix 500x500" classname="MatrixMultParTest" time="0.28"/>
  <testcase name="Test 8.3: Large matrix 1000x1000" classname="MatrixMultParTest" time="2.138"/>
  <testcase name="Test 8.4: Large non-square (500x200 x 200x300)" classname="MatrixMultParTest" time="0.042"/>
  <system-out><![CDATA[]]></system-out>
  <system-err><![CDATA[]]></system-err>
</testsuite>
